<?xml version="1.0" encoding="UTF-8"?>
<coverage generated="1741876096207" clover="3.2.0">
  <project timestamp="1741876096207" name="All files">
    <metrics statements="23" coveredstatements="23" conditionals="5" coveredconditionals="5" methods="7" coveredmethods="7" elements="35" coveredelements="35" complexity="0" loc="23" ncloc="23" packages="1" files="1" classes="1"/>
    <file name="calculator.js" path="/Users/matveysurov/Desktop/calculatorTests/src/calculator.js">
      <metrics statements="23" coveredstatements="23" conditionals="5" coveredconditionals="5" methods="7" coveredmethods="7"/>
      <line num="1" count="1" type="stmt"/>
      <line num="3" count="4" type="stmt"/>
      <line num="4" count="4" type="stmt"/>
      <line num="5" count="4" type="stmt"/>
      <line num="6" count="4" type="stmt"/>
      <line num="8" count="1" type="stmt"/>
      <line num="10" count="8" type="cond" truecount="5" falsecount="0"/>
      <line num="12" count="2" type="stmt"/>
      <line num="13" count="2" type="stmt"/>
      <line num="15" count="2" type="stmt"/>
      <line num="16" count="2" type="stmt"/>
      <line num="18" count="2" type="stmt"/>
      <line num="19" count="2" type="stmt"/>
      <line num="21" count="1" type="stmt"/>
      <line num="22" count="1" type="stmt"/>
      <line num="24" count="1" type="stmt"/>
      <line num="27" count="8" type="stmt"/>
      <line num="28" count="8" type="stmt"/>
      <line num="31" count="1" type="stmt"/>
      <line num="32" count="2" type="stmt"/>
      <line num="35" count="1" type="stmt"/>
      <line num="36" count="5" type="stmt"/>
      <line num="39" count="1" type="stmt"/>
    </file>
  </project>
</coverage>
