{"/Users/matveysurov/Desktop/calculatorTests/src/calculator.js": {"path":"/Users/matveysurov/Desktop/calculatorTests/src/calculator.js","statementMap":{"0":{"start":{"line":1,"column":14},"end":{"line":1,"column":16}},"1":{"start":{"line":3,"column":12},"end":{"line":3,"column":27}},"2":{"start":{"line":3,"column":22},"end":{"line":3,"column":27}},"3":{"start":{"line":4,"column":17},"end":{"line":4,"column":32}},"4":{"start":{"line":4,"column":27},"end":{"line":4,"column":32}},"5":{"start":{"line":5,"column":17},"end":{"line":5,"column":32}},"6":{"start":{"line":5,"column":27},"end":{"line":5,"column":32}},"7":{"start":{"line":6,"column":15},"end":{"line":6,"column":30}},"8":{"start":{"line":6,"column":25},"end":{"line":6,"column":30}},"9":{"start":{"line":8,"column":18},"end":{"line":29,"column":1}},"10":{"start":{"line":10,"column":2},"end":{"line":25,"column":3}},"11":{"start":{"line":12,"column":6},"end":{"line":12,"column":25}},"12":{"start":{"line":13,"column":6},"end":{"line":13,"column":12}},"13":{"start":{"line":15,"column":6},"end":{"line":15,"column":30}},"14":{"start":{"line":16,"column":6},"end":{"line":16,"column":12}},"15":{"start":{"line":18,"column":6},"end":{"line":18,"column":30}},"16":{"start":{"line":19,"column":6},"end":{"line":19,"column":12}},"17":{"start":{"line":21,"column":6},"end":{"line":21,"column":28}},"18":{"start":{"line":22,"column":6},"end":{"line":22,"column":12}},"19":{"start":{"line":24,"column":6},"end":{"line":24,"column":19}},"20":{"start":{"line":27,"column":2},"end":{"line":27,"column":44}},"21":{"start":{"line":28,"column":2},"end":{"line":28,"column":16}},"22":{"start":{"line":31,"column":19},"end":{"line":33,"column":1}},"23":{"start":{"line":32,"column":2},"end":{"line":32,"column":17}},"24":{"start":{"line":35,"column":21},"end":{"line":37,"column":1}},"25":{"start":{"line":36,"column":2},"end":{"line":36,"column":15}},"26":{"start":{"line":39,"column":0},"end":{"line":39,"column":90}}},"fnMap":{"0":{"name":"(anonymous_0)","decl":{"start":{"line":3,"column":12},"end":{"line":3,"column":13}},"loc":{"start":{"line":3,"column":22},"end":{"line":3,"column":27}},"line":3},"1":{"name":"(anonymous_1)","decl":{"start":{"line":4,"column":17},"end":{"line":4,"column":18}},"loc":{"start":{"line":4,"column":27},"end":{"line":4,"column":32}},"line":4},"2":{"name":"(anonymous_2)","decl":{"start":{"line":5,"column":17},"end":{"line":5,"column":18}},"loc":{"start":{"line":5,"column":27},"end":{"line":5,"column":32}},"line":5},"3":{"name":"(anonymous_3)","decl":{"start":{"line":6,"column":15},"end":{"line":6,"column":16}},"loc":{"start":{"line":6,"column":25},"end":{"line":6,"column":30}},"line":6},"4":{"name":"(anonymous_4)","decl":{"start":{"line":8,"column":18},"end":{"line":8,"column":19}},"loc":{"start":{"line":8,"column":39},"end":{"line":29,"column":1}},"line":8},"5":{"name":"(anonymous_5)","decl":{"start":{"line":31,"column":19},"end":{"line":31,"column":20}},"loc":{"start":{"line":31,"column":25},"end":{"line":33,"column":1}},"line":31},"6":{"name":"(anonymous_6)","decl":{"start":{"line":35,"column":21},"end":{"line":35,"column":22}},"loc":{"start":{"line":35,"column":27},"end":{"line":37,"column":1}},"line":35}},"branchMap":{"0":{"loc":{"start":{"line":10,"column":2},"end":{"line":25,"column":3}},"type":"switch","locations":[{"start":{"line":11,"column":4},"end":{"line":13,"column":12}},{"start":{"line":14,"column":4},"end":{"line":16,"column":12}},{"start":{"line":17,"column":4},"end":{"line":19,"column":12}},{"start":{"line":20,"column":4},"end":{"line":22,"column":12}},{"start":{"line":23,"column":4},"end":{"line":24,"column":19}}],"line":10}},"s":{"0":1,"1":1,"2":4,"3":1,"4":4,"5":1,"6":4,"7":1,"8":4,"9":1,"10":8,"11":2,"12":2,"13":2,"14":2,"15":2,"16":2,"17":1,"18":1,"19":1,"20":8,"21":8,"22":1,"23":2,"24":1,"25":5,"26":1},"f":{"0":4,"1":4,"2":4,"3":4,"4":8,"5":2,"6":5},"b":{"0":[2,2,2,1,1]},"_coverageSchema":"1a1c01bbd47fc00a2c39e90264f33305004495a9","hash":"697e6f5ad9270486a37367678c13216741733297"}
}
