TN:
SF:src/calculator.js
FN:3,(anonymous_0)
FN:4,(anonymous_1)
FN:5,(anonymous_2)
FN:6,(anonymous_3)
FN:8,(anonymous_4)
FN:31,(anonymous_5)
FN:35,(anonymous_6)
FNF:7
FNH:7
FNDA:4,(anonymous_0)
FNDA:4,(anonymous_1)
FNDA:4,(anonymous_2)
FNDA:4,(anonymous_3)
FNDA:8,(anonymous_4)
FNDA:2,(anonymous_5)
FNDA:5,(anonymous_6)
DA:1,1
DA:3,4
DA:4,4
DA:5,4
DA:6,4
DA:8,1
DA:10,8
DA:12,2
DA:13,2
DA:15,2
DA:16,2
DA:18,2
DA:19,2
DA:21,1
DA:22,1
DA:24,1
DA:27,8
DA:28,8
DA:31,1
DA:32,2
DA:35,1
DA:36,5
DA:39,1
LF:23
LH:23
BRDA:10,0,0,2
BRDA:10,0,1,2
BRDA:10,0,2,2
BRDA:10,0,3,1
BRDA:10,0,4,1
BRF:5
BRH:5
end_of_record
